Time:2018-11-08 19:11:47
convert [debug.py]....From ascii --> utf-8
convert [debug.py]....From utf-8 --> utf-8
convert [debug.py]....From utf-8 --> utf-8
convert [debug.py]....From utf-8 --> utf-8
林杰颖代码检查结果：
代码行数：30,代码字符数:880,注释行数：1
运行成功，输出行数：20

陈永乐代码检查结果：
代码行数：32,代码字符数:986,注释行数：10
运行成功，输出行数：560

梁志豪代码检查结果：
代码行数：39,代码字符数:1125,注释行数：8
运行成功，输出行数：560

吴晓坤代码检查结果：
代码行数：34,代码字符数:1186,注释行数：8
运行成功，输出行数：560

Time:2018-11-08 19:12:22
convert [debug.py]....From ascii --> utf-8
convert [debug.py]....From utf-8 --> utf-8
convert [debug.py]....From utf-8 --> utf-8
convert [debug.py]....From utf-8 --> utf-8
林杰颖代码检查结果：
代码行数：30,代码字符数:880,注释行数：1
运行成功，输出行数：20

陈永乐代码检查结果：
代码行数：32,代码字符数:986,注释行数：10
运行成功，输出行数：560

梁志豪代码检查结果：
代码行数：39,代码字符数:1125,注释行数：8
运行成功，输出行数：560

吴晓坤代码检查结果：
代码行数：34,代码字符数:1186,注释行数：8
运行成功，输出行数：560

